[2026-04-30 17:33] === afternoon 上海 天气开始 ===
[2026-04-30 17:33] 天气获取成功：18.97°C CLEAR_DAY
[2026-04-30 17:33] ✅ 私聊卡片发送成功
[2026-04-30 17:33] === 完成 ===
[2026-04-30 17:54] === afternoon 武汉 天气开始 ===
[2026-04-30 17:54] 天气获取成功：21.67°C CLEAR_DAY
[2026-04-30 17:54] ✅ 私聊卡片发送成功
[2026-04-30 17:54] === 完成 ===
[2026-04-30 17:55] === evening 武汉 天气开始 ===
[2026-04-30 17:55] 天气获取成功：21.67°C CLEAR_DAY
[2026-04-30 17:55] ✅ 私聊卡片发送成功
[2026-04-30 17:55] === 完成 (武汉) ===
[2026-04-30 17:56] === evening 武汉 天气开始 ===
[2026-04-30 17:56] 天气获取成功：21.67°C CLEAR_DAY
[2026-04-30 17:56] ✅ 私聊卡片发送成功
[2026-04-30 17:56] === 完成 (武汉) ===
[2026-04-30 20:00] === evening 武汉 天气开始 ===
[2026-04-30 20:00] ❌ 天气获取失败：HTTP Error 429: TOO MANY REQUESTS
[2026-05-01 08:00] === morning 武汉 天气开始 ===
[2026-05-01 08:00] ❌ 天气获取失败：HTTP Error 429: TOO MANY REQUESTS
[2026-05-01 12:00] === noon 武汉 天气开始 ===
[2026-05-01 12:00] ❌ 天气获取失败：HTTP Error 429: TOO MANY REQUESTS
[2026-05-01 13:20] === noon 武汉 天气开始 ===
[2026-05-01 13:20] 天气获取成功：25.87°C PARTLY_CLOUDY_DAY
[2026-05-01 13:20] ✅ 私聊卡片发送成功
[2026-05-01 13:20] === 完成 (武汉) ===
[2026-05-01 13:20] === morning 武汉 天气开始 ===
[2026-05-01 13:20] 天气获取成功：25.87°C PARTLY_CLOUDY_DAY
[2026-05-01 13:20] ✅ 私聊卡片发送成功
[2026-05-01 13:20] === 完成 (武汉) ===
