[2026-04-30 13:25] === morning 上海 天气开始 ===
[2026-04-30 13:25] 天气获取成功：19.28°C CLEAR_DAY (上海)
[2026-04-30 13:25] ❌ 失败：HTTP Error 400: Bad Request
[2026-04-30 13:26] === morning 上海 天气开始 ===
[2026-04-30 13:26] 天气获取成功：19.28°C CLEAR_DAY (上海)
[2026-04-30 13:26] ❌ 失败：HTTP Error 400: Bad Request
[2026-04-30 13:26] 天气获取成功：19.28°C CLEAR_DAY (上海)
[2026-04-30 13:26] 天气获取成功：19.28°C CLEAR_DAY (上海)
[2026-04-30 13:27] 天气获取成功：19.28°C CLEAR_DAY (上海)
[2026-04-30 13:27] 天气获取成功：19.28°C CLEAR_DAY (上海)
[2026-04-30 13:27] 天气获取成功：22.25°C PARTLY_CLOUDY_DAY (悉尼)
[2026-04-30 13:27] 天气获取成功：22.25°C PARTLY_CLOUDY_DAY (悉尼)
[2026-04-30 13:28] === morning 上海 天气开始 ===
[2026-04-30 13:28] 天气获取成功：19.18°C CLEAR_DAY (上海)
[2026-04-30 13:28] ✅ 卡片发送成功
[2026-04-30 13:28] === 完成 ===
[2026-04-30 13:28] === noon 悉尼 天气开始 ===
[2026-04-30 13:28] 天气获取成功：22.25°C PARTLY_CLOUDY_DAY (悉尼)
[2026-04-30 13:28] ✅ 卡片发送成功
[2026-04-30 13:28] === 完成 ===
[2026-04-30 14:00] === afternoon 悉尼 天气开始 ===
[2026-04-30 14:00] 天气获取成功：21.53°C PARTLY_CLOUDY_DAY (悉尼)
[2026-04-30 14:00] ✅ 卡片发送成功
[2026-04-30 14:00] === 完成 ===
[2026-04-30 16:00] === afternoon 上海 天气开始 ===
[2026-04-30 16:00] 天气获取成功：19.28°C CLEAR_DAY (上海)
[2026-04-30 16:00] ✅ 卡片发送成功
[2026-04-30 16:00] === 完成 ===
