=== Tue Apr 21 18:00:01 CST 2026 KK2悉尼晚间 ===
Sydney DST: AEST (UTC+10), Sydney时间: 2026-04-21 20:00
Sydney AQI=32, PM2.5=6.4, PM10=9.3
SEND_OK: 0 om_x100b5140e49fe8acb32efdf42208d04
=== 完成 ===
=== Wed Apr 22 18:00:04 CST 2026 KK2悉尼晚间 ===
Sydney DST: AEST (UTC+10), Sydney时间: 2026-04-22 20:00
Sydney AQI=27, PM2.5=6.6, PM10=9.5
SEND_OK: 0 om_x100b51bd8cb6d4b4b48a4de5081b5e9
=== 完成 ===
=== Thu Apr 23 18:00:01 CST 2026 KK2悉尼晚间 ===
Sydney DST: AEST (UTC+10), Sydney时间: 2026-04-23 20:00
Sydney AQI=32, PM2.5=9.0, PM10=12.5
SEND_OK: 0 om_x100b51aa94f190e0b2c06b8ca3dfc95
=== 完成 ===
=== Mon Apr 27 18:00:02 CST 2026 KK2悉尼晚间 ===
Sydney DST: AEST (UTC+10), Sydney时间: 2026-04-27 20:00
Sydney AQI=54, PM2.5=10.8, PM10=12.8
SEND_OK: 0 om_x100b51c7748980fcb2508a969de6b97
=== 完成 ===
=== Tue Apr 28 18:00:01 CST 2026 KK2悉尼晚间 ===
Sydney DST: AEST (UTC+10), Sydney时间: 2026-04-28 20:00
Sydney AQI=78, PM2.5=12.3, PM10=13.7
SEND_OK: 0 om_x100b503c1cf7ccbcb2c1207f62e548e
=== 完成 ===
