=== Tue Apr 21 12:00:03 CST 2026 KK2悉尼下午 ===
Traceback (most recent call last):
  File "<stdin>", line 26, in <module>
NameError: name 'CST' is not defined
=== 完成 ===
=== Tue Apr 21 14:00:04 CST 2026 KK2悉尼下午 ===
  File "<stdin>", line 83
    astro = d["result"]["daily"]["astro"]
IndentationError: unexpected indent
=== 完成 ===
=== Tue Apr 21 16:46:14 CST 2026 KK2悉尼下午 ===
  File "<stdin>", line 83
    astro = d["result"]["daily"]["astro"]
IndentationError: unexpected indent
=== 完成 ===
=== Tue Apr 21 16:47:10 CST 2026 KK2悉尼下午 ===
Sydney DST: AEST (UTC+10), Sydney时间: 2026-04-21 18:47
Sydney AQI (Open-Meteo): 32
SEND_OK: 0 om_x100b5147d7c3d8b0b2c4c199f919dc1
=== 完成 ===
=== Wed Apr 22 14:00:02 CST 2026 KK2悉尼下午 ===
Sydney DST: AEST (UTC+10), Sydney时间: 2026-04-22 16:00
Sydney AQI (Open-Meteo): 26
SEND_OK: 0 om_x100b51b270acc484b4cfd98c568489f
=== 完成 ===
=== Thu Apr 23 14:00:01 CST 2026 KK2悉尼下午 ===
Sydney DST: AEST (UTC+10), Sydney时间: 2026-04-23 16:00
Sydney AQI (Open-Meteo): 30
SEND_OK: 0 om_x100b51af18f3c4a0b2619fd27696fdd
=== 完成 ===
=== Fri Apr 24 14:00:03 CST 2026 KK2悉尼下午 ===
Sydney DST: AEST (UTC+10), Sydney时间: 2026-04-24 16:00
Sydney AQI (Open-Meteo): 40
SEND_OK: 0 om_x100b518420a44080b37b148817c372d
=== 完成 ===
=== Mon Apr 27 14:00:01 CST 2026 KK2悉尼下午 ===
Sydney DST: AEST (UTC+10), Sydney时间: 2026-04-27 16:00
Sydney AQI (Open-Meteo): 53
SEND_OK: 0 om_x100b51dbf8f344e8b327c0c329fc8d1
=== 完成 ===
=== Tue Apr 28 14:00:01 CST 2026 KK2悉尼下午 ===
Sydney DST: AEST (UTC+10), Sydney时间: 2026-04-28 16:00
Sydney AQI (Open-Meteo): 77
SEND_OK: 0 om_x100b503080fb28a4b3ffabfca25fd7b
=== 完成 ===
